<?xml version="1.0" encoding="UTF-8"?>
<!-- Generated by org.testng.reporters.JUnitReportReporter -->
<testsuite hostname="MBP-de-Rafael-2.local" failures="0" tests="1" name="com.mypluralsight.restassuredFundamentals.BasicTest" time="12.489" errors="0" timestamp="2021-10-16T18:47:37 BRT" skipped="0">
  <testcase classname="com.mypluralsight.restassuredFundamentals.BasicTest" name="someTest" time="12.489"/>
  <system-out/>
</testsuite> <!-- com.mypluralsight.restassuredFundamentals.BasicTest -->
